12:55:21 | INFO    | etl          | Logging to: C:\Users\dunca\OneDrive\Documents\UON\SCS6104\Capstone\logs\etl_20260511_125521.log
12:57:48 | INFO    | etl.tracker  | ╔══ Pipeline run 2 started: cicids_to_warehouse (sample) ══╗
12:57:48 | INFO    | etl.tracker  | ▶ Starting stage: extract
12:57:48 | INFO    | etl.extract  | Reading stratified sample (n=10,000) from cicids_clean.parquet
12:58:11 | INFO    | etl.extract  | Loaded 8,047 rows × 87 columns into memory
12:58:11 | ERROR   | etl.tracker  | ✗ Stage 'extract' failed after 22.1s: Parquet is missing required columns: ['Label']
Hint: re-run notebook 01_cicids2017_eda.ipynb to regenerate the snapshot.
12:58:11 | ERROR   | etl.tracker  | ╚══ Pipeline run 2 FAILED: Parquet is missing required columns: ['Label']
Hint: re-run notebook 01_cicids2017_eda.ipynb to regenerate the snapshot. ══╝
13:04:04 | INFO    | etl.tracker  | ╔══ Pipeline run 3 started: cicids_to_warehouse (sample) ══╗
13:04:04 | INFO    | etl.tracker  | ▶ Starting stage: extract
13:04:04 | INFO    | etl.extract  | Reading stratified sample (n=10,000) from cicids_clean.parquet
13:04:27 | INFO    | etl.extract  | Loaded 8,047 rows × 87 columns into memory
13:04:27 | ERROR   | etl.tracker  | ✗ Stage 'extract' failed after 23.4s: Parquet is missing required columns: ['Label']
Hint: re-run notebook 01_cicids2017_eda.ipynb to regenerate the snapshot.
13:04:27 | ERROR   | etl.tracker  | ╚══ Pipeline run 3 FAILED: Parquet is missing required columns: ['Label']
Hint: re-run notebook 01_cicids2017_eda.ipynb to regenerate the snapshot. ══╝
13:07:00 | INFO    | etl.tracker  | ╔══ Pipeline run 4 started: cicids_to_warehouse (sample) ══╗
13:07:00 | INFO    | etl.tracker  | ▶ Starting stage: extract
13:07:00 | INFO    | etl.extract  | Reading stratified sample (n=10,000) from cicids_clean.parquet
13:07:20 | INFO    | etl.extract  | Loaded 8,047 rows × 87 columns into memory
13:07:20 | ERROR   | etl.tracker  | ✗ Stage 'extract' failed after 20.5s: Parquet is missing required columns: ['Label']
Hint: re-run notebook 01_cicids2017_eda.ipynb to regenerate the snapshot.
13:07:20 | ERROR   | etl.tracker  | ╚══ Pipeline run 4 FAILED: Parquet is missing required columns: ['Label']
Hint: re-run notebook 01_cicids2017_eda.ipynb to regenerate the snapshot. ══╝
13:08:19 | INFO    | etl.tracker  | ╔══ Pipeline run 5 started: cicids_to_warehouse (sample) ══╗
13:08:19 | INFO    | etl.tracker  | ▶ Starting stage: extract
13:08:19 | INFO    | etl.extract  | Reading stratified sample (n=10,000) from cicids_clean.parquet
13:08:46 | INFO    | etl.extract  | Loaded 8,047 rows × 87 columns into memory
13:08:46 | ERROR   | etl.tracker  | ✗ Stage 'extract' failed after 27.5s: Parquet is missing required columns: ['Label']
Hint: re-run notebook 01_cicids2017_eda.ipynb to regenerate the snapshot.
13:08:46 | ERROR   | etl.tracker  | ╚══ Pipeline run 5 FAILED: Parquet is missing required columns: ['Label']
Hint: re-run notebook 01_cicids2017_eda.ipynb to regenerate the snapshot. ══╝
